<?xml version="1.0" encoding="UTF-8"?>
<!-- Generated by org.testng.reporters.JUnitReportReporter -->
<testsuite hostname="DESKTOP-5S42HBC" failures="0" tests="1" name="script.AddingToCart" time="27.016" errors="0" timestamp="2021-07-05T10:26:14 IST" skipped="0">
  <testcase classname="script.AddingToCart" name="tc1" time="27.016"/>
  <system-out/>
</testsuite> <!-- script.AddingToCart -->
